2024-09-28 10:19:09,779 - __main__ - INFO - Starting CARBOT system...
2024-09-28 16:01:22,129 - __main__ - DEBUG - Attempting to send telemetry data: {'speed': 15, 'battery': 75}
2024-09-28 16:01:22,135 - __main__ - DEBUG - Telemetry data sent successfully.
2024-09-30 20:54:41,908 - main - INFO - Starting CARBOT system...
2024-09-30 20:54:41,911 - main - INFO - Telemetry Data: {'sensor_data': 'I get your call', 'timestamp': 1727709881.911679}
2024-09-30 20:54:42,946 - main - INFO - Telemetry Data: {'sensor_data': 'I get your call', 'timestamp': 1727709882.9457364}
2024-09-30 20:54:43,958 - main - INFO - Telemetry Data: {'sensor_data': 'I get your call', 'timestamp': 1727709883.9579656}
2024-09-30 20:54:44,965 - main - INFO - Telemetry Data: {'sensor_data': 'I get your call', 'timestamp': 1727709884.9648619}
2024-09-30 20:54:45,971 - main - INFO - Telemetry Data: {'sensor_data': 'I get your call', 'timestamp': 1727709885.970966}
2024-09-30 20:54:46,977 - main - INFO - Telemetry Data: {'sensor_data': 'I get your call', 'timestamp': 1727709886.9770715}
2024-09-30 20:54:47,980 - main - INFO - Telemetry Data: {'sensor_data': 'I get your call', 'timestamp': 1727709887.9799342}
2024-09-30 20:54:48,983 - main - INFO - Telemetry Data: {'sensor_data': 'I get your call', 'timestamp': 1727709888.9830165}
2024-09-30 20:54:49,987 - main - INFO - Telemetry Data: {'sensor_data': 'I get your call', 'timestamp': 1727709889.987375}
2024-09-30 20:54:50,966 - main - INFO - Shutdown signal received. Stopping CARBOT.
2024-09-30 20:54:50,990 - main - INFO - Telemetry sending stopped.
2024-09-30 20:54:51,913 - main - INFO - CARBOT system shut down gracefully.
2024-09-30 20:56:21,897 - main - INFO - Starting CARBOT system...
2024-09-30 20:56:21,898 - main - INFO - Telemetry Data: {'sensor_data': 'I get your call', 'timestamp': 1727709981.8986843}
2024-09-30 20:56:22,909 - main - INFO - Telemetry Data: {'sensor_data': 'I get your call', 'timestamp': 1727709982.9097874}
2024-09-30 20:56:23,917 - main - INFO - Telemetry Data: {'sensor_data': 'I get your call', 'timestamp': 1727709983.9175465}
2024-09-30 20:56:24,920 - main - INFO - Telemetry Data: {'sensor_data': 'I get your call', 'timestamp': 1727709984.9207127}
2024-09-30 20:56:25,925 - main - INFO - Telemetry Data: {'sensor_data': 'I get your call', 'timestamp': 1727709985.9251587}
2024-09-30 20:56:26,927 - main - INFO - Telemetry Data: {'sensor_data': 'I get your call', 'timestamp': 1727709986.9270895}
2024-09-30 20:56:27,819 - main - INFO - Shutdown signal received. Stopping CARBOT.
2024-09-30 20:56:27,928 - main - INFO - Telemetry sending stopped.
2024-09-30 20:56:27,929 - main - INFO - CARBOT system shut down gracefully.
2024-09-30 21:03:10,949 - main - INFO - Starting CARBOT system...
2024-09-30 21:03:10,968 - main - INFO - Telemetry Data: {'sensor_data': 'I get your call', 'timestamp': 1727710390.9683857}
2024-09-30 21:03:12,035 - main - INFO - Telemetry Data: {'sensor_data': 'I get your call', 'timestamp': 1727710392.0358174}
2024-09-30 21:03:13,038 - main - INFO - Telemetry Data: {'sensor_data': 'I get your call', 'timestamp': 1727710393.0385826}
2024-09-30 21:03:14,046 - main - INFO - Telemetry Data: {'sensor_data': 'I get your call', 'timestamp': 1727710394.046585}
2024-09-30 21:03:15,051 - main - INFO - Telemetry Data: {'sensor_data': 'I get your call', 'timestamp': 1727710395.050966}
2024-09-30 21:03:16,054 - main - INFO - Telemetry Data: {'sensor_data': 'I get your call', 'timestamp': 1727710396.0541315}
2024-09-30 21:03:17,031 - main - INFO - Shutdown signal received. Stopping CARBOT.
2024-09-30 21:03:17,056 - main - INFO - Telemetry sending stopped.
2024-09-30 21:03:17,972 - main - INFO - CARBOT system shut down gracefully.
2024-09-30 21:12:26,652 - main - INFO - Starting CARBOT system...
2024-09-30 21:12:26,660 - main - INFO - Telemetry Data: {'sensor_data': 'I get your call', 'timestamp': 1727710946.6601632}
2024-09-30 21:12:27,701 - main - INFO - Telemetry Data: {'sensor_data': 'I get your call', 'timestamp': 1727710947.7008834}
2024-09-30 21:12:28,707 - main - INFO - Telemetry Data: {'sensor_data': 'I get your call', 'timestamp': 1727710948.7069263}
2024-09-30 21:12:29,713 - main - INFO - Telemetry Data: {'sensor_data': 'I get your call', 'timestamp': 1727710949.7133665}
2024-09-30 21:12:30,715 - main - INFO - Telemetry Data: {'sensor_data': 'I get your call', 'timestamp': 1727710950.7158635}
2024-09-30 21:12:31,718 - main - INFO - Telemetry Data: {'sensor_data': 'I get your call', 'timestamp': 1727710951.7186122}
2024-09-30 21:12:32,723 - main - INFO - Telemetry Data: {'sensor_data': 'I get your call', 'timestamp': 1727710952.7232382}
2024-09-30 21:12:33,740 - main - INFO - Telemetry Data: {'sensor_data': 'I get your call', 'timestamp': 1727710953.7405925}
2024-09-30 21:12:34,744 - main - INFO - Telemetry Data: {'sensor_data': 'I get your call', 'timestamp': 1727710954.7441487}
2024-09-30 21:12:34,852 - main - INFO - Shutdown signal received. Stopping CARBOT.
2024-09-30 21:12:35,747 - main - INFO - Telemetry sending stopped.
2024-10-01 16:47:37,156 - main - INFO - Starting CARBOT system...
2024-10-01 16:47:37,158 - main - INFO - Telemetry Data: {'sensor_data': 'I get your call', 'timestamp': 1727781457.1581824}
2024-10-01 16:47:38,176 - main - INFO - Telemetry Data: {'sensor_data': 'I get your call', 'timestamp': 1727781458.1760616}
2024-10-01 16:47:39,179 - main - INFO - Telemetry Data: {'sensor_data': 'I get your call', 'timestamp': 1727781459.1791577}
2024-10-01 16:47:40,184 - main - INFO - Telemetry Data: {'sensor_data': 'I get your call', 'timestamp': 1727781460.1845016}
2024-10-01 16:47:41,187 - main - INFO - Telemetry Data: {'sensor_data': 'I get your call', 'timestamp': 1727781461.1875346}
2024-10-01 16:47:41,720 - main - INFO - Shutdown signal received. Stopping CARBOT.
2024-10-01 16:47:42,190 - main - INFO - Telemetry sending stopped.
2024-10-01 16:47:42,192 - main - INFO - CARBOT system shut down gracefully.
2024-10-01 16:49:18,128 - main - INFO - Starting CARBOT system...
2024-10-01 16:49:18,130 - main - INFO - Telemetry Data: {'sensor_data': 'I get your call', 'timestamp': 1727781558.130443}
2024-10-01 16:49:19,142 - main - INFO - Telemetry Data: {'sensor_data': 'I get your call', 'timestamp': 1727781559.1422815}
2024-10-01 16:49:19,508 - main - INFO - Shutdown signal received. Stopping CARBOT.
2024-10-01 16:49:20,145 - main - INFO - Telemetry sending stopped.
2024-10-01 16:49:24,899 - main - INFO - Shutdown signal received. Stopping CARBOT.
2024-10-01 16:49:27,063 - main - INFO - Shutdown signal received. Stopping CARBOT.
2024-10-01 16:50:33,573 - main - INFO - Shutdown signal received. Stopping CARBOT.
2024-10-01 16:50:35,654 - main - INFO - Shutdown signal received. Stopping CARBOT.
2024-10-01 16:51:05,576 - main - INFO - Starting CARBOT system...
2024-10-01 16:51:05,578 - main - INFO - Telemetry Data: {'sensor_data': 'I get your call', 'timestamp': 1727781665.5782588}
2024-10-01 16:51:06,591 - main - INFO - Telemetry Data: {'sensor_data': 'I get your call', 'timestamp': 1727781666.591696}
2024-10-01 16:51:07,595 - main - INFO - Telemetry Data: {'sensor_data': 'I get your call', 'timestamp': 1727781667.5949855}
2024-10-01 16:51:08,597 - main - INFO - Telemetry Data: {'sensor_data': 'I get your call', 'timestamp': 1727781668.5972438}
2024-10-01 16:51:09,459 - main - INFO - Shutdown signal received. Stopping CARBOT.
2024-10-01 16:51:09,599 - main - INFO - Telemetry sending stopped.
2024-10-01 16:51:09,600 - main - INFO - CARBOT system shut down gracefully.
2024-10-01 16:52:48,639 - main - INFO - Starting CARBOT system...
2024-10-01 16:52:48,653 - main - INFO - Telemetry Data: {'sensor_data': 'I get your call', 'timestamp': 1727781768.652844}
2024-10-01 16:52:49,696 - main - INFO - Telemetry Data: {'sensor_data': 'I get your call', 'timestamp': 1727781769.6963918}
2024-10-01 16:52:50,561 - main - INFO - Shutdown signal received. Stopping CARBOT.
2024-10-01 16:52:50,704 - main - INFO - Telemetry sending stopped.
2024-10-01 16:54:54,321 - main - INFO - Shutdown signal received. Stopping CARBOT.
2024-10-01 20:23:13,178 - main - INFO - Starting CARBOT system...
2024-10-01 20:23:13,179 - main - INFO - Telemetry Data: {'sensor_data': 'I get your call', 'timestamp': 1727794393.179812}
2024-10-01 20:23:14,194 - main - INFO - Telemetry Data: {'sensor_data': 'I get your call', 'timestamp': 1727794394.1946614}
2024-10-01 20:23:15,197 - main - INFO - Telemetry Data: {'sensor_data': 'I get your call', 'timestamp': 1727794395.1974356}
2024-10-01 20:23:16,201 - main - INFO - Telemetry Data: {'sensor_data': 'I get your call', 'timestamp': 1727794396.2012305}
2024-10-01 20:23:17,213 - main - INFO - Telemetry Data: {'sensor_data': 'I get your call', 'timestamp': 1727794397.2134845}
2024-10-01 20:23:18,217 - main - INFO - Telemetry Data: {'sensor_data': 'I get your call', 'timestamp': 1727794398.2177196}
2024-10-01 20:23:19,227 - main - INFO - Telemetry Data: {'sensor_data': 'I get your call', 'timestamp': 1727794399.2278636}
2024-10-01 20:23:19,383 - main - INFO - Shutdown signal received. Stopping CARBOT.
2024-10-01 20:23:20,231 - main - INFO - Telemetry sending stopped.
2024-10-01 20:26:16,289 - main - INFO - Starting CARBOT system...
2024-10-01 20:26:23,178 - main - INFO - Telemetry Data: {'sensor_data': 'I get your call', 'timestamp': 1727794583.1777012}
2024-10-01 20:26:28,646 - main - INFO - Telemetry Data: {'sensor_data': 'I get your call', 'timestamp': 1727794588.6461995}
2024-10-01 20:26:29,662 - main - INFO - Telemetry Data: {'sensor_data': 'I get your call', 'timestamp': 1727794589.6620088}
2024-10-01 20:26:30,668 - main - INFO - Telemetry Data: {'sensor_data': 'I get your call', 'timestamp': 1727794590.6683629}
2024-10-01 20:26:31,678 - main - INFO - Telemetry Data: {'sensor_data': 'I get your call', 'timestamp': 1727794591.6782618}
2024-10-01 20:26:32,693 - main - INFO - Telemetry Data: {'sensor_data': 'I get your call', 'timestamp': 1727794592.6932337}
2024-10-01 20:26:33,710 - main - INFO - Telemetry Data: {'sensor_data': 'I get your call', 'timestamp': 1727794593.7100613}
2024-10-01 20:26:34,724 - main - INFO - Telemetry Data: {'sensor_data': 'I get your call', 'timestamp': 1727794594.7243338}
2024-10-01 20:26:35,760 - main - INFO - Telemetry Data: {'sensor_data': 'I get your call', 'timestamp': 1727794595.7594411}
2024-10-01 20:26:36,768 - main - INFO - Telemetry Data: {'sensor_data': 'I get your call', 'timestamp': 1727794596.768376}
2024-10-01 20:26:37,799 - main - INFO - Telemetry Data: {'sensor_data': 'I get your call', 'timestamp': 1727794597.799063}
2024-10-01 20:26:38,818 - main - INFO - Telemetry Data: {'sensor_data': 'I get your call', 'timestamp': 1727794598.8180234}
2024-10-01 20:26:39,839 - main - INFO - Telemetry Data: {'sensor_data': 'I get your call', 'timestamp': 1727794599.83964}
2024-10-01 20:26:40,865 - main - INFO - Telemetry Data: {'sensor_data': 'I get your call', 'timestamp': 1727794600.8656576}
2024-10-01 20:26:41,897 - main - INFO - Telemetry Data: {'sensor_data': 'I get your call', 'timestamp': 1727794601.8971303}
2024-10-01 20:26:42,924 - main - INFO - Telemetry Data: {'sensor_data': 'I get your call', 'timestamp': 1727794602.9244676}
2024-10-01 20:26:43,934 - main - INFO - Telemetry Data: {'sensor_data': 'I get your call', 'timestamp': 1727794603.9336748}
2024-10-01 20:26:44,959 - main - INFO - Telemetry Data: {'sensor_data': 'I get your call', 'timestamp': 1727794604.9594998}
2024-10-01 20:26:45,982 - main - INFO - Telemetry Data: {'sensor_data': 'I get your call', 'timestamp': 1727794605.9826505}
2024-10-01 20:26:47,003 - main - INFO - Telemetry Data: {'sensor_data': 'I get your call', 'timestamp': 1727794607.0030434}
2024-10-01 20:26:48,034 - main - INFO - Telemetry Data: {'sensor_data': 'I get your call', 'timestamp': 1727794608.0347269}
2024-10-01 20:26:49,062 - main - INFO - Telemetry Data: {'sensor_data': 'I get your call', 'timestamp': 1727794609.062449}
2024-10-01 20:26:50,081 - main - INFO - Telemetry Data: {'sensor_data': 'I get your call', 'timestamp': 1727794610.081522}
2024-10-01 20:26:51,091 - main - INFO - Telemetry Data: {'sensor_data': 'I get your call', 'timestamp': 1727794611.0912933}
2024-10-01 20:26:52,112 - main - INFO - Telemetry Data: {'sensor_data': 'I get your call', 'timestamp': 1727794612.112318}
2024-10-01 20:26:53,169 - main - INFO - Telemetry Data: {'sensor_data': 'I get your call', 'timestamp': 1727794613.169164}
2024-10-01 20:26:54,168 - main - INFO - Shutdown signal received. Stopping CARBOT.
2024-10-01 20:27:31,558 - main - INFO - Telemetry sending stopped.
2024-10-07 18:56:04,374 - main - INFO - Starting CARBOT system...
2024-10-07 18:56:04,383 - main - INFO - Telemetry Data: {'sensor_data': 'I get your call', 'timestamp': 1728307564.382866}
2024-10-07 18:56:08,483 - main - INFO - Telemetry Data: {'sensor_data': 'I get your call', 'timestamp': 1728307568.483357}
2024-10-07 18:56:12,547 - main - INFO - Telemetry Data: {'sensor_data': 'I get your call', 'timestamp': 1728307572.5474968}
2024-10-07 18:56:15,798 - main - INFO - Shutdown signal received. Stopping CARBOT.
2024-10-07 18:56:16,611 - main - INFO - Telemetry sending stopped.
2024-10-07 18:56:16,612 - main - INFO - CARBOT system shut down gracefully.
2024-10-08 20:04:30,284 - main - INFO - Starting CARBOT system...
2024-10-08 20:04:30,289 - main - INFO - Telemetry Data: {'sensor_data': 'I get your call', 'timestamp': 1728398070.2894323}
2024-10-08 20:04:31,314 - main - INFO - Telemetry Data: {'sensor_data': 'I get your call', 'timestamp': 1728398071.3148904}
2024-10-08 20:04:32,317 - main - INFO - Telemetry Data: {'sensor_data': 'I get your call', 'timestamp': 1728398072.3168945}
2024-10-08 20:04:33,319 - main - INFO - Telemetry Data: {'sensor_data': 'I get your call', 'timestamp': 1728398073.3191566}
2024-10-08 20:04:34,324 - main - INFO - Telemetry Data: {'sensor_data': 'I get your call', 'timestamp': 1728398074.324648}
2024-10-08 20:04:35,328 - main - INFO - Telemetry Data: {'sensor_data': 'I get your call', 'timestamp': 1728398075.3283243}
2024-10-08 20:04:36,333 - main - INFO - Telemetry Data: {'sensor_data': 'I get your call', 'timestamp': 1728398076.333021}
2024-10-08 20:04:37,338 - main - INFO - Telemetry Data: {'sensor_data': 'I get your call', 'timestamp': 1728398077.3381321}
2024-10-08 20:04:38,343 - main - INFO - Telemetry Data: {'sensor_data': 'I get your call', 'timestamp': 1728398078.3430436}
2024-10-08 20:04:39,349 - main - INFO - Telemetry Data: {'sensor_data': 'I get your call', 'timestamp': 1728398079.348945}
2024-10-08 20:04:40,355 - main - INFO - Telemetry Data: {'sensor_data': 'I get your call', 'timestamp': 1728398080.3556314}
2024-10-08 20:04:41,360 - main - INFO - Telemetry Data: {'sensor_data': 'I get your call', 'timestamp': 1728398081.3606808}
2024-10-08 20:04:42,364 - main - INFO - Telemetry Data: {'sensor_data': 'I get your call', 'timestamp': 1728398082.3646991}
2024-10-08 20:04:43,369 - main - INFO - Telemetry Data: {'sensor_data': 'I get your call', 'timestamp': 1728398083.3695467}
2024-10-08 20:04:44,376 - main - INFO - Telemetry Data: {'sensor_data': 'I get your call', 'timestamp': 1728398084.3760002}
2024-10-08 20:04:45,380 - main - INFO - Telemetry Data: {'sensor_data': 'I get your call', 'timestamp': 1728398085.3799694}
2024-10-08 20:04:46,386 - main - INFO - Telemetry Data: {'sensor_data': 'I get your call', 'timestamp': 1728398086.3861682}
2024-10-08 20:04:47,392 - main - INFO - Telemetry Data: {'sensor_data': 'I get your call', 'timestamp': 1728398087.3924632}
2024-10-08 20:04:48,395 - main - INFO - Telemetry Data: {'sensor_data': 'I get your call', 'timestamp': 1728398088.3957045}
2024-10-08 20:04:49,400 - main - INFO - Telemetry Data: {'sensor_data': 'I get your call', 'timestamp': 1728398089.4007213}
2024-10-08 20:04:50,408 - main - INFO - Telemetry Data: {'sensor_data': 'I get your call', 'timestamp': 1728398090.4084024}
2024-10-08 20:04:51,411 - main - INFO - Telemetry Data: {'sensor_data': 'I get your call', 'timestamp': 1728398091.4113162}
2024-10-08 20:04:52,416 - main - INFO - Telemetry Data: {'sensor_data': 'I get your call', 'timestamp': 1728398092.416314}
2024-10-08 20:04:53,420 - main - INFO - Telemetry Data: {'sensor_data': 'I get your call', 'timestamp': 1728398093.4206152}
2024-10-08 20:04:54,429 - main - INFO - Telemetry Data: {'sensor_data': 'I get your call', 'timestamp': 1728398094.4287949}
2024-10-08 20:04:55,444 - main - INFO - Telemetry Data: {'sensor_data': 'I get your call', 'timestamp': 1728398095.444234}
2024-10-08 20:04:56,446 - main - INFO - Telemetry Data: {'sensor_data': 'I get your call', 'timestamp': 1728398096.446324}
2024-10-08 20:04:57,450 - main - INFO - Telemetry Data: {'sensor_data': 'I get your call', 'timestamp': 1728398097.4504313}
2024-10-08 20:04:58,455 - main - INFO - Telemetry Data: {'sensor_data': 'I get your call', 'timestamp': 1728398098.455672}
2024-10-08 20:04:59,458 - main - INFO - Telemetry Data: {'sensor_data': 'I get your call', 'timestamp': 1728398099.4586625}
2024-10-08 20:05:00,470 - main - INFO - Telemetry Data: {'sensor_data': 'I get your call', 'timestamp': 1728398100.470258}
2024-10-08 20:05:01,479 - main - INFO - Telemetry Data: {'sensor_data': 'I get your call', 'timestamp': 1728398101.4793735}
2024-10-08 20:05:02,498 - main - INFO - Telemetry Data: {'sensor_data': 'I get your call', 'timestamp': 1728398102.498291}
2024-10-08 20:05:03,514 - main - INFO - Telemetry Data: {'sensor_data': 'I get your call', 'timestamp': 1728398103.5142024}
2024-10-08 20:05:04,518 - main - INFO - Telemetry Data: {'sensor_data': 'I get your call', 'timestamp': 1728398104.5188048}
2024-10-08 20:05:04,797 - main - INFO - Shutdown signal received. Stopping CARBOT.
2024-10-08 20:05:05,521 - main - INFO - Telemetry sending stopped.
2024-10-08 20:05:05,522 - main - INFO - CARBOT system shut down gracefully.
2024-10-08 20:05:45,604 - main - INFO - Starting CARBOT system...
2024-10-08 20:05:45,609 - main - INFO - Telemetry Data: {'sensor_data': 'I get your call', 'timestamp': 1728398145.6092675}
2024-10-08 20:05:46,650 - main - INFO - Telemetry Data: {'sensor_data': 'I get your call', 'timestamp': 1728398146.6506932}
2024-10-08 20:05:47,655 - main - INFO - Telemetry Data: {'sensor_data': 'I get your call', 'timestamp': 1728398147.6556625}
2024-10-08 20:05:48,660 - main - INFO - Telemetry Data: {'sensor_data': 'I get your call', 'timestamp': 1728398148.659947}
2024-10-08 20:05:49,665 - main - INFO - Telemetry Data: {'sensor_data': 'I get your call', 'timestamp': 1728398149.6651182}
2024-10-08 20:05:50,668 - main - INFO - Telemetry Data: {'sensor_data': 'I get your call', 'timestamp': 1728398150.6683912}
2024-10-08 20:05:51,676 - main - INFO - Telemetry Data: {'sensor_data': 'I get your call', 'timestamp': 1728398151.6762505}
2024-10-08 20:05:52,679 - main - INFO - Telemetry Data: {'sensor_data': 'I get your call', 'timestamp': 1728398152.679634}
2024-10-08 20:05:53,686 - main - INFO - Telemetry Data: {'sensor_data': 'I get your call', 'timestamp': 1728398153.6863737}
2024-10-08 20:05:54,691 - main - INFO - Telemetry Data: {'sensor_data': 'I get your call', 'timestamp': 1728398154.691478}
2024-10-08 20:05:55,698 - main - INFO - Telemetry Data: {'sensor_data': 'I get your call', 'timestamp': 1728398155.6984282}
2024-10-08 20:05:56,709 - main - INFO - Telemetry Data: {'sensor_data': 'I get your call', 'timestamp': 1728398156.7091553}
2024-10-08 20:05:57,713 - main - INFO - Telemetry Data: {'sensor_data': 'I get your call', 'timestamp': 1728398157.713298}
2024-10-08 20:05:58,719 - main - INFO - Telemetry Data: {'sensor_data': 'I get your call', 'timestamp': 1728398158.7196803}
2024-10-08 20:05:59,726 - main - INFO - Telemetry Data: {'sensor_data': 'I get your call', 'timestamp': 1728398159.7260306}
2024-10-08 20:06:00,727 - main - INFO - Telemetry Data: {'sensor_data': 'I get your call', 'timestamp': 1728398160.7278259}
2024-10-08 20:06:01,729 - main - INFO - Telemetry Data: {'sensor_data': 'I get your call', 'timestamp': 1728398161.729598}
2024-10-08 20:06:02,731 - main - INFO - Telemetry Data: {'sensor_data': 'I get your call', 'timestamp': 1728398162.7315805}
2024-10-08 20:06:02,776 - main - INFO - Shutdown signal received. Stopping CARBOT.
2024-10-08 20:06:03,733 - main - INFO - Telemetry sending stopped.
2024-10-08 20:06:03,734 - main - INFO - CARBOT system shut down gracefully.
2024-10-08 20:08:44,787 - main - INFO - Starting CARBOT system...
2024-10-08 20:08:49,219 - main - INFO - Telemetry Data: {'sensor_data': 'I get your call', 'timestamp': 1728398329.2187378}
2024-10-08 20:09:02,049 - main - INFO - Telemetry Data: {'sensor_data': 'I get your call', 'timestamp': 1728398342.0498052}
2024-10-08 20:09:03,339 - main - INFO - Telemetry Data: {'sensor_data': 'I get your call', 'timestamp': 1728398343.3395689}
2024-10-08 20:09:31,772 - main - INFO - Telemetry Data: {'sensor_data': 'I get your call', 'timestamp': 1728398371.772604}
2024-10-08 20:11:04,334 - main - INFO - Starting CARBOT system...
2024-10-08 20:11:04,338 - main - INFO - Telemetry Data: {'sensor_data': 'I get your call', 'timestamp': 1728398464.3380327}
2024-10-08 20:11:05,369 - main - INFO - Telemetry Data: {'sensor_data': 'I get your call', 'timestamp': 1728398465.3688788}
2024-10-08 20:11:06,375 - main - INFO - Telemetry Data: {'sensor_data': 'I get your call', 'timestamp': 1728398466.3756633}
2024-10-08 20:11:07,381 - main - INFO - Telemetry Data: {'sensor_data': 'I get your call', 'timestamp': 1728398467.3814895}
2024-10-08 20:11:08,385 - main - INFO - Telemetry Data: {'sensor_data': 'I get your call', 'timestamp': 1728398468.3854403}
2024-10-08 20:11:09,389 - main - INFO - Telemetry Data: {'sensor_data': 'I get your call', 'timestamp': 1728398469.3896227}
2024-10-08 20:11:10,396 - main - INFO - Telemetry Data: {'sensor_data': 'I get your call', 'timestamp': 1728398470.3963833}
2024-10-08 20:11:11,402 - main - INFO - Telemetry Data: {'sensor_data': 'I get your call', 'timestamp': 1728398471.4019513}
2024-10-08 20:11:12,405 - main - INFO - Telemetry Data: {'sensor_data': 'I get your call', 'timestamp': 1728398472.4054415}
2024-10-08 20:11:13,410 - main - INFO - Telemetry Data: {'sensor_data': 'I get your call', 'timestamp': 1728398473.4105635}
2024-10-08 20:11:14,415 - main - INFO - Telemetry Data: {'sensor_data': 'I get your call', 'timestamp': 1728398474.4156618}
2024-10-08 20:11:15,423 - main - INFO - Telemetry Data: {'sensor_data': 'I get your call', 'timestamp': 1728398475.4233627}
2024-10-08 20:11:16,425 - main - INFO - Telemetry Data: {'sensor_data': 'I get your call', 'timestamp': 1728398476.4256637}
2024-10-08 20:11:17,429 - main - INFO - Telemetry Data: {'sensor_data': 'I get your call', 'timestamp': 1728398477.4296384}
2024-10-08 20:11:18,436 - main - INFO - Telemetry Data: {'sensor_data': 'I get your call', 'timestamp': 1728398478.4359248}
2024-10-08 20:11:19,438 - main - INFO - Telemetry Data: {'sensor_data': 'I get your call', 'timestamp': 1728398479.438009}
2024-10-08 20:11:20,446 - main - INFO - Telemetry Data: {'sensor_data': 'I get your call', 'timestamp': 1728398480.4459002}
2024-10-08 20:11:21,453 - main - INFO - Telemetry Data: {'sensor_data': 'I get your call', 'timestamp': 1728398481.4537456}
2024-10-08 20:11:22,464 - main - INFO - Telemetry Data: {'sensor_data': 'I get your call', 'timestamp': 1728398482.464097}
2024-10-08 20:11:23,483 - main - INFO - Telemetry Data: {'sensor_data': 'I get your call', 'timestamp': 1728398483.4831512}
2024-10-08 20:11:24,491 - main - INFO - Telemetry Data: {'sensor_data': 'I get your call', 'timestamp': 1728398484.4912794}
2024-10-08 20:11:25,494 - main - INFO - Telemetry Data: {'sensor_data': 'I get your call', 'timestamp': 1728398485.493992}
2024-10-08 20:11:26,496 - main - INFO - Telemetry Data: {'sensor_data': 'I get your call', 'timestamp': 1728398486.4961462}
2024-10-08 20:11:27,506 - main - INFO - Telemetry Data: {'sensor_data': 'I get your call', 'timestamp': 1728398487.5064368}
2024-10-08 20:11:28,534 - main - INFO - Telemetry Data: {'sensor_data': 'I get your call', 'timestamp': 1728398488.5348442}
2024-10-08 20:11:29,540 - main - INFO - Telemetry Data: {'sensor_data': 'I get your call', 'timestamp': 1728398489.5404422}
2024-10-08 20:11:30,544 - main - INFO - Telemetry Data: {'sensor_data': 'I get your call', 'timestamp': 1728398490.544583}
2024-10-08 20:11:31,546 - main - INFO - Telemetry Data: {'sensor_data': 'I get your call', 'timestamp': 1728398491.5465012}
2024-10-08 20:11:32,548 - main - INFO - Telemetry Data: {'sensor_data': 'I get your call', 'timestamp': 1728398492.5481148}
2024-10-08 20:11:32,558 - main - INFO - Shutdown signal received. Stopping CARBOT.
2024-10-08 20:11:33,557 - main - INFO - Telemetry sending stopped.
2024-10-08 20:11:33,557 - main - INFO - CARBOT system shut down gracefully.
2024-10-08 20:12:51,909 - main - INFO - Starting CARBOT system...
2024-10-08 20:12:51,915 - main - INFO - Telemetry Data: {'sensor_data': 'I get your call', 'timestamp': 1728398571.915589}
2024-10-08 20:12:52,944 - main - INFO - Telemetry Data: {'sensor_data': 'I get your call', 'timestamp': 1728398572.9438026}
2024-10-08 20:12:53,951 - main - INFO - Telemetry Data: {'sensor_data': 'I get your call', 'timestamp': 1728398573.951675}
2024-10-08 20:12:54,960 - main - INFO - Telemetry Data: {'sensor_data': 'I get your call', 'timestamp': 1728398574.9599535}
2024-10-08 20:12:55,965 - main - INFO - Telemetry Data: {'sensor_data': 'I get your call', 'timestamp': 1728398575.9652183}
2024-10-08 20:12:56,969 - main - INFO - Telemetry Data: {'sensor_data': 'I get your call', 'timestamp': 1728398576.9689677}
2024-10-08 20:12:57,456 - main - INFO - Shutdown signal received. Stopping CARBOT.
2024-10-08 20:12:57,971 - main - INFO - Telemetry sending stopped.
2024-10-08 20:12:57,972 - main - INFO - CARBOT system shut down gracefully.
2024-10-08 20:16:12,556 - main - INFO - Starting CARBOT system...
2024-10-08 20:16:12,559 - main - INFO - Telemetry Data: {'sensor_data': 'I get your call', 'timestamp': 1728398772.5590093}
2024-10-08 20:16:13,581 - main - INFO - Telemetry Data: {'sensor_data': 'I get your call', 'timestamp': 1728398773.5813081}
2024-10-08 20:16:14,586 - main - INFO - Telemetry Data: {'sensor_data': 'I get your call', 'timestamp': 1728398774.5860114}
2024-10-08 20:16:15,588 - main - INFO - Telemetry Data: {'sensor_data': 'I get your call', 'timestamp': 1728398775.5888388}
2024-10-08 20:16:16,596 - main - INFO - Telemetry Data: {'sensor_data': 'I get your call', 'timestamp': 1728398776.5959256}
2024-10-08 20:16:17,600 - main - INFO - Telemetry Data: {'sensor_data': 'I get your call', 'timestamp': 1728398777.5998611}
2024-10-08 20:16:18,604 - main - INFO - Telemetry Data: {'sensor_data': 'I get your call', 'timestamp': 1728398778.603997}
2024-10-08 20:16:19,608 - main - INFO - Telemetry Data: {'sensor_data': 'I get your call', 'timestamp': 1728398779.6081202}
2024-10-08 20:16:20,614 - main - INFO - Telemetry Data: {'sensor_data': 'I get your call', 'timestamp': 1728398780.6141062}
2024-10-08 20:16:21,617 - main - INFO - Telemetry Data: {'sensor_data': 'I get your call', 'timestamp': 1728398781.617729}
2024-10-08 20:16:22,619 - main - INFO - Telemetry Data: {'sensor_data': 'I get your call', 'timestamp': 1728398782.6196296}
2024-10-08 20:16:23,621 - main - INFO - Telemetry Data: {'sensor_data': 'I get your call', 'timestamp': 1728398783.6214812}
2024-10-08 20:16:24,625 - main - INFO - Telemetry Data: {'sensor_data': 'I get your call', 'timestamp': 1728398784.6258838}
2024-10-08 20:16:25,036 - main - INFO - Shutdown signal received. Stopping CARBOT.
2024-10-08 20:16:25,627 - main - INFO - Telemetry sending stopped.
2024-10-08 20:16:25,628 - main - INFO - CARBOT system shut down gracefully.
