2024-09-28 14:10:11,141 - DEBUG - --- request header ---
2024-09-28 14:10:11,141 - DEBUG - GET / HTTP/1.1
Upgrade: websocket
Host: localhost:8080
Origin: http://localhost:8080
Sec-WebSocket-Key: uRq6tQHFhlJv4fygb83yqg==
Sec-WebSocket-Version: 13
Connection: Upgrade


2024-09-28 14:10:11,141 - DEBUG - -----------------------
2024-09-28 14:10:11,141 - DEBUG - --- response header ---
2024-09-28 14:10:11,145 - DEBUG - HTTP/1.1 101 Switching Protocols
2024-09-28 14:10:11,145 - DEBUG - Upgrade: websocket
2024-09-28 14:10:11,145 - DEBUG - Connection: Upgrade
2024-09-28 14:10:11,145 - DEBUG - Sec-WebSocket-Accept: hnuXAbgCBG+skQHh2yryIqqmBgo=
2024-09-28 14:10:11,145 - DEBUG - Date: Sat, 28 Sep 2024 08:40:11 GMT
2024-09-28 14:10:11,145 - DEBUG - Server: Python/3.8 websockets/13.1
2024-09-28 14:10:11,146 - DEBUG - -----------------------
2024-09-28 14:10:11,146 - INFO - Websocket connected
2024-09-28 14:10:11,146 - INFO - Connection opened. Ready to send telemetry data.
2024-09-28 14:10:31,153 - DEBUG - ++Rcv raw: b'\x89\x04W\xc1\xe5,'
2024-09-28 14:10:31,153 - DEBUG - ++Rcv decoded: fin=1 opcode=9 data=b'W\xc1\xe5,'
2024-09-28 14:10:31,154 - DEBUG - ++Sent raw: b'\x8a\x84\xb1m&\xcf\xe6\xac\xc3\xe3'
2024-09-28 14:10:31,154 - DEBUG - ++Sent decoded: fin=1 opcode=10 data=b'W\xc1\xe5,'
2024-09-28 14:10:51,165 - ERROR - WebSocket error: 
2024-09-28 14:10:51,165 - DEBUG - ++Sent raw: b"\x88\x82\xce\xe34'\xcd\x0b"
2024-09-28 14:10:51,165 - DEBUG - ++Sent decoded: fin=1 opcode=8 data=b'\x03\xe8'
2024-09-28 14:10:51,167 - INFO - Connection closed
2024-09-28 14:10:51,167 - INFO - tearing down on exception 
2024-09-28 15:59:35,153 - DEBUG - --- request header ---
2024-09-28 15:59:35,153 - DEBUG - GET / HTTP/1.1
Upgrade: websocket
Host: localhost:8080
Origin: http://localhost:8080
Sec-WebSocket-Key: 9EYBzPicjpUeReuJIIDFyQ==
Sec-WebSocket-Version: 13
Connection: Upgrade


2024-09-28 15:59:35,154 - DEBUG - -----------------------
2024-09-28 15:59:35,154 - DEBUG - --- response header ---
2024-09-28 15:59:35,154 - DEBUG - HTTP/1.1 101 Switching Protocols
2024-09-28 15:59:35,154 - DEBUG - Upgrade: websocket
2024-09-28 15:59:35,154 - DEBUG - Connection: Upgrade
2024-09-28 15:59:35,155 - DEBUG - Sec-WebSocket-Accept: BNoKymz2igpLaY+33H2hdZbtmbk=
2024-09-28 15:59:35,155 - DEBUG - Date: Sat, 28 Sep 2024 10:29:35 GMT
2024-09-28 15:59:35,155 - DEBUG - Server: Python/3.8 websockets/13.1
2024-09-28 15:59:35,155 - DEBUG - -----------------------
2024-09-28 15:59:35,155 - INFO - Websocket connected
2024-09-28 15:59:35,155 - INFO - Connection opened. Ready to send telemetry data.
2024-09-28 15:59:55,157 - DEBUG - ++Rcv raw: b'\x89\x04W\xb12\xf6'
2024-09-28 15:59:55,158 - DEBUG - ++Rcv decoded: fin=1 opcode=9 data=b'W\xb12\xf6'
2024-09-28 15:59:55,158 - DEBUG - ++Sent raw: b'\x8a\x84G\xcf\xd9\xe0\x10~\xeb\x16'
2024-09-28 15:59:55,158 - DEBUG - ++Sent decoded: fin=1 opcode=10 data=b'W\xb12\xf6'
2024-09-28 16:00:15,173 - DEBUG - ++Rcv raw: b'\x89\x04\x16U\x15\xda'
2024-09-28 16:00:15,173 - DEBUG - ++Rcv decoded: fin=1 opcode=9 data=b'\x16U\x15\xda'
2024-09-28 16:00:15,174 - DEBUG - ++Sent raw: b'\x8a\x84cw\x05\x85u"\x10_'
2024-09-28 16:00:15,174 - DEBUG - ++Sent decoded: fin=1 opcode=10 data=b'\x16U\x15\xda'
2024-09-28 16:00:35,180 - DEBUG - ++Rcv raw: b'\x89\x04\x8bw\xa2 '
2024-09-28 16:00:35,181 - DEBUG - ++Rcv decoded: fin=1 opcode=9 data=b'\x8bw\xa2 '
2024-09-28 16:00:35,181 - DEBUG - ++Sent raw: b'\x8a\x84\xd0\x02J\x97[u\xe8\xb7'
2024-09-28 16:00:35,181 - DEBUG - ++Sent decoded: fin=1 opcode=10 data=b'\x8bw\xa2 '
2024-09-28 16:00:55,190 - DEBUG - ++Rcv raw: b'\x89\x04*>\xf2T'
2024-09-28 16:00:55,191 - DEBUG - ++Rcv decoded: fin=1 opcode=9 data=b'*>\xf2T'
2024-09-28 16:00:55,191 - DEBUG - ++Sent raw: b'\x8a\x84PG\x06:zy\xf4n'
2024-09-28 16:00:55,191 - DEBUG - ++Sent decoded: fin=1 opcode=10 data=b'*>\xf2T'
2024-09-28 16:01:15,202 - DEBUG - ++Rcv raw: b'\x89\x04-\xda\x00z'
2024-09-28 16:01:15,202 - DEBUG - ++Rcv decoded: fin=1 opcode=9 data=b'-\xda\x00z'
2024-09-28 16:01:15,203 - DEBUG - ++Sent raw: b'\x8a\x84\x13>\x06.>\xe4\x06T'
2024-09-28 16:01:15,203 - DEBUG - ++Sent decoded: fin=1 opcode=10 data=b'-\xda\x00z'
2024-09-28 16:01:35,199 - DEBUG - ++Rcv raw: b'\x89\x049f\xfc\xa2'
2024-09-28 16:01:35,199 - DEBUG - ++Rcv decoded: fin=1 opcode=9 data=b'9f\xfc\xa2'
2024-09-28 16:01:35,200 - DEBUG - ++Sent raw: b'\x8a\x84h)kyQO\x97\xdb'
2024-09-28 16:01:35,200 - DEBUG - ++Sent decoded: fin=1 opcode=10 data=b'9f\xfc\xa2'
2024-09-28 16:01:55,208 - DEBUG - ++Rcv raw: b'\x89\x04\x0f.Lf'
2024-09-28 16:01:55,208 - DEBUG - ++Rcv decoded: fin=1 opcode=9 data=b'\x0f.Lf'
2024-09-28 16:01:55,209 - DEBUG - ++Sent raw: b'\x8a\x84\xc2\x05*\xd8\xcd+f\xbe'
2024-09-28 16:01:55,209 - DEBUG - ++Sent decoded: fin=1 opcode=10 data=b'\x0f.Lf'
2024-09-28 16:02:15,223 - DEBUG - ++Rcv raw: b'\x89\x04\x02a\xe8*'
2024-09-28 16:02:15,223 - DEBUG - ++Rcv decoded: fin=1 opcode=9 data=b'\x02a\xe8*'
2024-09-28 16:02:15,224 - DEBUG - ++Sent raw: b'\x8a\x846x"\xcb4\x19\xca\xe1'
2024-09-28 16:02:15,224 - DEBUG - ++Sent decoded: fin=1 opcode=10 data=b'\x02a\xe8*'
2024-09-28 16:02:35,228 - DEBUG - ++Rcv raw: b'\x89\x04.`\xb7\xe7'
2024-09-28 16:02:35,228 - DEBUG - ++Rcv decoded: fin=1 opcode=9 data=b'.`\xb7\xe7'
2024-09-28 16:02:35,229 - DEBUG - ++Sent raw: b'\x8a\x84\xa2Q\xf3\xa6\x8c1DA'
2024-09-28 16:02:35,229 - DEBUG - ++Sent decoded: fin=1 opcode=10 data=b'.`\xb7\xe7'
2024-09-28 16:02:55,235 - DEBUG - ++Rcv raw: b'\x89\x04\xbd\x9b\x03\xec'
2024-09-28 16:02:55,235 - DEBUG - ++Rcv decoded: fin=1 opcode=9 data=b'\xbd\x9b\x03\xec'
2024-09-28 16:02:55,236 - DEBUG - ++Sent raw: b'\x8a\x84\xcfv:pr\xed9\x9c'
2024-09-28 16:02:55,236 - DEBUG - ++Sent decoded: fin=1 opcode=10 data=b'\xbd\x9b\x03\xec'
2024-09-28 16:03:15,242 - DEBUG - ++Rcv raw: b'\x89\x04\x02\xd5\xb7\xa1'
2024-09-28 16:03:15,242 - DEBUG - ++Rcv decoded: fin=1 opcode=9 data=b'\x02\xd5\xb7\xa1'
2024-09-28 16:03:15,242 - DEBUG - ++Sent raw: b'\x8a\x846.\x1d\xd74\xfb\xaav'
2024-09-28 16:03:15,243 - DEBUG - ++Sent decoded: fin=1 opcode=10 data=b'\x02\xd5\xb7\xa1'
2024-09-28 16:03:35,258 - DEBUG - ++Rcv raw: b'\x89\x04t\x8du\xf1'
2024-09-28 16:03:35,258 - DEBUG - ++Rcv decoded: fin=1 opcode=9 data=b't\x8du\xf1'
2024-09-28 16:03:35,258 - DEBUG - ++Sent raw: b'\x8a\x84\xe5\xc5\xa4\x1f\x91H\xd1\xee'
2024-09-28 16:03:35,259 - DEBUG - ++Sent decoded: fin=1 opcode=10 data=b't\x8du\xf1'
2024-09-28 16:03:55,260 - DEBUG - ++Rcv raw: b'\x89\x04\xf5\x1ab\xf9'
2024-09-28 16:03:55,260 - DEBUG - ++Rcv decoded: fin=1 opcode=9 data=b'\xf5\x1ab\xf9'
2024-09-28 16:03:55,261 - DEBUG - ++Sent raw: b'\x8a\x84}X\xcb[\x88B\xa9\xa2'
2024-09-28 16:03:55,261 - DEBUG - ++Sent decoded: fin=1 opcode=10 data=b'\xf5\x1ab\xf9'
2024-09-28 16:04:15,267 - DEBUG - ++Rcv raw: b'\x89\x04f\xd1\x1a\x17'
2024-09-28 16:04:15,267 - DEBUG - ++Rcv decoded: fin=1 opcode=9 data=b'f\xd1\x1a\x17'
2024-09-28 16:04:15,267 - DEBUG - ++Sent raw: b'\x8a\x84\x1c\xcb\x81\x11z\x1a\x9b\x06'
2024-09-28 16:04:15,267 - DEBUG - ++Sent decoded: fin=1 opcode=10 data=b'f\xd1\x1a\x17'
2024-09-28 16:04:35,283 - DEBUG - ++Rcv raw: b'\x89\x04J\x14M\xb9'
2024-09-28 16:04:35,284 - DEBUG - ++Rcv decoded: fin=1 opcode=9 data=b'J\x14M\xb9'
2024-09-28 16:04:35,284 - DEBUG - ++Sent raw: b'\x8a\x84\xa8:\\\xee\xe2.\x11W'
2024-09-28 16:04:35,284 - DEBUG - ++Sent decoded: fin=1 opcode=10 data=b'J\x14M\xb9'
2024-09-28 16:04:55,291 - DEBUG - ++Rcv raw: b'\x89\x04\x9f\xd9s\x8f'
2024-09-28 16:04:55,291 - DEBUG - ++Rcv decoded: fin=1 opcode=9 data=b'\x9f\xd9s\x8f'
2024-09-28 16:04:55,291 - DEBUG - ++Sent raw: b'\x8a\x84?t\xd0\xa0\xa0\xad\xa3/'
2024-09-28 16:04:55,292 - DEBUG - ++Sent decoded: fin=1 opcode=10 data=b'\x9f\xd9s\x8f'
2024-09-28 16:05:15,304 - DEBUG - ++Rcv raw: b'\x89\x04\x0b\xa1L\xdd'
2024-09-28 16:05:15,304 - DEBUG - ++Rcv decoded: fin=1 opcode=9 data=b'\x0b\xa1L\xdd'
2024-09-28 16:05:15,305 - DEBUG - ++Sent raw: b'\x8a\x84s4\xf4\xf9x\x95\xb8$'
2024-09-28 16:05:15,305 - DEBUG - ++Sent decoded: fin=1 opcode=10 data=b'\x0b\xa1L\xdd'
2024-09-28 16:05:35,320 - DEBUG - ++Rcv raw: b'\x89\x04\xd1\xb8\xf4Q'
2024-09-28 16:05:35,320 - DEBUG - ++Rcv decoded: fin=1 opcode=9 data=b'\xd1\xb8\xf4Q'
2024-09-28 16:05:35,320 - DEBUG - ++Sent raw: b'\x8a\x84\x87\xf6\xa7AVNS\x10'
2024-09-28 16:05:35,321 - DEBUG - ++Sent decoded: fin=1 opcode=10 data=b'\xd1\xb8\xf4Q'
2024-09-28 16:05:55,331 - DEBUG - ++Rcv raw: b'\x89\x04\xceT\x9f\x04'
2024-09-28 16:05:55,331 - DEBUG - ++Rcv decoded: fin=1 opcode=9 data=b'\xceT\x9f\x04'
2024-09-28 16:05:55,331 - DEBUG - ++Sent raw: b'\x8a\x84H\xe4\x0c\x8e\x86\xb0\x93\x8a'
2024-09-28 16:05:55,332 - DEBUG - ++Sent decoded: fin=1 opcode=10 data=b'\xceT\x9f\x04'
2024-09-28 16:06:15,336 - DEBUG - ++Rcv raw: b'\x89\x04\xa7\xee\x82\xfb'
2024-09-28 16:06:15,336 - DEBUG - ++Rcv decoded: fin=1 opcode=9 data=b'\xa7\xee\x82\xfb'
2024-09-28 16:06:15,336 - DEBUG - ++Sent raw: b'\x8a\x84\xe1\x99\x14\xc2Fw\x969'
2024-09-28 16:06:15,337 - DEBUG - ++Sent decoded: fin=1 opcode=10 data=b'\xa7\xee\x82\xfb'
2024-09-28 16:06:35,342 - DEBUG - ++Rcv raw: b'\x89\x04\x9a:\xf5\xf5'
2024-09-28 16:06:35,342 - DEBUG - ++Rcv decoded: fin=1 opcode=9 data=b'\x9a:\xf5\xf5'
2024-09-28 16:06:35,342 - DEBUG - ++Sent raw: b'\x8a\x84\xfc\xa5\xec\xddf\x9f\x19('
2024-09-28 16:06:35,343 - DEBUG - ++Sent decoded: fin=1 opcode=10 data=b'\x9a:\xf5\xf5'
2024-09-28 16:06:55,347 - DEBUG - ++Rcv raw: b'\x89\x04b\xce\x88\xbf'
2024-09-28 16:06:55,347 - DEBUG - ++Rcv decoded: fin=1 opcode=9 data=b'b\xce\x88\xbf'
2024-09-28 16:06:55,347 - DEBUG - ++Sent raw: b'\x8a\x84\xb4\x7f\xe3\xcd\xd6\xb1kr'
2024-09-28 16:06:55,347 - DEBUG - ++Sent decoded: fin=1 opcode=10 data=b'b\xce\x88\xbf'
2024-09-28 16:07:15,351 - DEBUG - ++Rcv raw: b'\x89\x04\xb7U_\x01'
2024-09-28 16:07:15,351 - DEBUG - ++Rcv decoded: fin=1 opcode=9 data=b'\xb7U_\x01'
2024-09-28 16:07:15,351 - DEBUG - ++Sent raw: b'\x8a\x84\xdaY\xdb\x1cm\x0c\x84\x1d'
2024-09-28 16:07:15,351 - DEBUG - ++Sent decoded: fin=1 opcode=10 data=b'\xb7U_\x01'
2024-09-28 16:07:35,354 - DEBUG - ++Rcv raw: b'\x89\x04\xfe\x080\xe7'
2024-09-28 16:07:35,354 - DEBUG - ++Rcv decoded: fin=1 opcode=9 data=b'\xfe\x080\xe7'
2024-09-28 16:07:35,355 - DEBUG - ++Sent raw: b'\x8a\x84@\xb5\x11+\xbe\xbd!\xcc'
2024-09-28 16:07:35,355 - DEBUG - ++Sent decoded: fin=1 opcode=10 data=b'\xfe\x080\xe7'
2024-09-28 16:07:55,365 - DEBUG - ++Rcv raw: b'\x89\x04!\x83{M'
2024-09-28 16:07:55,366 - DEBUG - ++Rcv decoded: fin=1 opcode=9 data=b'!\x83{M'
2024-09-28 16:07:55,366 - DEBUG - ++Sent raw: b'\x8a\x84\xb6\xce\xe6\xa4\x97M\x9d\xe9'
2024-09-28 16:07:55,366 - DEBUG - ++Sent decoded: fin=1 opcode=10 data=b'!\x83{M'
2024-09-28 16:08:15,375 - DEBUG - ++Rcv raw: b'\x89\x04\xc2A\x9eI'
2024-09-28 16:08:15,375 - DEBUG - ++Rcv decoded: fin=1 opcode=9 data=b'\xc2A\x9eI'
2024-09-28 16:08:15,375 - DEBUG - ++Sent raw: b'\x8a\x84#.E<\xe1o\xdbu'
2024-09-28 16:08:15,376 - DEBUG - ++Sent decoded: fin=1 opcode=10 data=b'\xc2A\x9eI'
2024-09-28 16:08:35,379 - DEBUG - ++Rcv raw: b'\x89\x04\xa5\x90\x8bz'
2024-09-28 16:08:35,380 - DEBUG - ++Rcv decoded: fin=1 opcode=9 data=b'\xa5\x90\x8bz'
2024-09-28 16:08:35,380 - DEBUG - ++Sent raw: b'\x8a\x84\xc6\x8a9\xcdc\x1a\xb2\xb7'
2024-09-28 16:08:35,380 - DEBUG - ++Sent decoded: fin=1 opcode=10 data=b'\xa5\x90\x8bz'
2024-09-28 16:08:55,390 - DEBUG - ++Rcv raw: b'\x89\x04P\xe3Z\x8c'
2024-09-28 16:08:55,392 - DEBUG - ++Rcv decoded: fin=1 opcode=9 data=b'P\xe3Z\x8c'
2024-09-28 16:08:55,392 - DEBUG - ++Sent raw: b'\x8a\x84\xf5c\xe4u\xa5\x80\xbe\xf9'
2024-09-28 16:08:55,392 - DEBUG - ++Sent decoded: fin=1 opcode=10 data=b'P\xe3Z\x8c'
2024-09-28 16:09:15,395 - DEBUG - ++Rcv raw: b'\x89\x04R\xb1\xef_'
2024-09-28 16:09:15,395 - DEBUG - ++Rcv decoded: fin=1 opcode=9 data=b'R\xb1\xef_'
2024-09-28 16:09:15,395 - DEBUG - ++Sent raw: b'\x8a\x84\xa10\xec\xcd\xf3\x81\x03\x92'
2024-09-28 16:09:15,396 - DEBUG - ++Sent decoded: fin=1 opcode=10 data=b'R\xb1\xef_'
2024-09-28 16:09:35,396 - DEBUG - ++Rcv raw: b'\x89\x04\xe5\xc8\x98\xa2'
2024-09-28 16:09:35,398 - DEBUG - ++Rcv decoded: fin=1 opcode=9 data=b'\xe5\xc8\x98\xa2'
2024-09-28 16:09:35,398 - DEBUG - ++Sent raw: b'\x8a\x84a\xf1@\xfe\x849\xd8\\'
2024-09-28 16:09:35,398 - DEBUG - ++Sent decoded: fin=1 opcode=10 data=b'\xe5\xc8\x98\xa2'
2024-09-28 16:09:55,406 - DEBUG - ++Rcv raw: b'\x89\x04\xfa\xb5\xad\x18'
2024-09-28 16:09:55,406 - DEBUG - ++Rcv decoded: fin=1 opcode=9 data=b'\xfa\xb5\xad\x18'
2024-09-28 16:09:55,406 - DEBUG - ++Sent raw: b'\x8a\x84\x9e\x8b\xcf\x1bd>b\x03'
2024-09-28 16:09:55,408 - DEBUG - ++Sent decoded: fin=1 opcode=10 data=b'\xfa\xb5\xad\x18'
2024-09-28 16:10:15,419 - DEBUG - ++Rcv raw: b'\x89\x04~\xcd\xdd\x8b'
2024-09-28 16:10:15,419 - DEBUG - ++Rcv decoded: fin=1 opcode=9 data=b'~\xcd\xdd\x8b'
2024-09-28 16:10:15,419 - DEBUG - ++Sent raw: b'\x8a\x84\xffl\xe5x\x81\xa18\xf3'
2024-09-28 16:10:15,420 - DEBUG - ++Sent decoded: fin=1 opcode=10 data=b'~\xcd\xdd\x8b'
2024-09-28 16:10:35,422 - DEBUG - ++Rcv raw: b'\x89\x04.7`\\'
2024-09-28 16:10:35,423 - DEBUG - ++Rcv decoded: fin=1 opcode=9 data=b'.7`\\'
2024-09-28 16:10:35,423 - DEBUG - ++Sent raw: b'\x8a\x84\xce\xa9\x86\xb4\xe0\x9e\xe6\xe8'
2024-09-28 16:10:35,423 - DEBUG - ++Sent decoded: fin=1 opcode=10 data=b'.7`\\'
2024-09-28 16:10:55,432 - DEBUG - ++Rcv raw: b'\x89\x04d4\xc6\xfb'
2024-09-28 16:10:55,432 - DEBUG - ++Rcv decoded: fin=1 opcode=9 data=b'd4\xc6\xfb'
2024-09-28 16:10:55,432 - DEBUG - ++Sent raw: b'\x8a\x84/Q\x8biKeM\x92'
2024-09-28 16:10:55,433 - DEBUG - ++Sent decoded: fin=1 opcode=10 data=b'd4\xc6\xfb'
2024-09-28 16:11:15,435 - DEBUG - ++Rcv raw: b'\x89\x04\x83\xe1\x03\x9c'
2024-09-28 16:11:15,435 - DEBUG - ++Rcv decoded: fin=1 opcode=9 data=b'\x83\xe1\x03\x9c'
2024-09-28 16:11:15,435 - DEBUG - ++Sent raw: b'\x8a\x84\xd4\xd3\xb21W2\xb1\xad'
2024-09-28 16:11:15,436 - DEBUG - ++Sent decoded: fin=1 opcode=10 data=b'\x83\xe1\x03\x9c'
2024-09-28 16:11:35,440 - DEBUG - ++Rcv raw: b'\x89\x04\xbf\xebC\xa9'
2024-09-28 16:11:35,440 - DEBUG - ++Rcv decoded: fin=1 opcode=9 data=b'\xbf\xebC\xa9'
2024-09-28 16:11:35,440 - DEBUG - ++Sent raw: b'\x8a\x84\x949\xa7\x90+\xd2\xe49'
2024-09-28 16:11:35,441 - DEBUG - ++Sent decoded: fin=1 opcode=10 data=b'\xbf\xebC\xa9'
2024-09-28 16:11:55,452 - DEBUG - ++Rcv raw: b'\x89\x04^\xb0L>'
2024-09-28 16:11:55,453 - DEBUG - ++Rcv decoded: fin=1 opcode=9 data=b'^\xb0L>'
2024-09-28 16:11:55,453 - DEBUG - ++Sent raw: b'\x8a\x84o\xd4\xecC1d\xa0}'
2024-09-28 16:11:55,453 - DEBUG - ++Sent decoded: fin=1 opcode=10 data=b'^\xb0L>'
2024-09-28 16:12:15,461 - DEBUG - ++Rcv raw: b'\x89\x04\x92\x1aW0'
2024-09-28 16:12:15,461 - DEBUG - ++Rcv decoded: fin=1 opcode=9 data=b'\x92\x1aW0'
2024-09-28 16:12:15,461 - DEBUG - ++Sent raw: b'\x8a\x84Q\xcd#\xbd\xc3\xd7t\x8d'
2024-09-28 16:12:15,461 - DEBUG - ++Sent decoded: fin=1 opcode=10 data=b'\x92\x1aW0'
2024-09-28 16:12:35,472 - DEBUG - ++Rcv raw: b'\x89\x04\x83\xea\x1c('
2024-09-28 16:12:35,473 - DEBUG - ++Rcv decoded: fin=1 opcode=9 data=b'\x83\xea\x1c('
2024-09-28 16:12:35,473 - DEBUG - ++Sent raw: b'\x8a\x84#\xa3\x0eK\xa0I\x12c'
2024-09-28 16:12:35,473 - DEBUG - ++Sent decoded: fin=1 opcode=10 data=b'\x83\xea\x1c('
2024-09-28 16:12:55,485 - DEBUG - ++Rcv raw: b'\x89\x04K(P\x7f'
2024-09-28 16:12:55,485 - DEBUG - ++Rcv decoded: fin=1 opcode=9 data=b'K(P\x7f'
2024-09-28 16:12:55,486 - DEBUG - ++Sent raw: b'\x8a\x84\x0e\xbd\xc9yE\x95\x99\x06'
2024-09-28 16:12:55,486 - DEBUG - ++Sent decoded: fin=1 opcode=10 data=b'K(P\x7f'
2024-09-28 16:13:15,491 - DEBUG - ++Rcv raw: b'\x89\x04\x8a\x8a?O'
2024-09-28 16:13:15,491 - DEBUG - ++Rcv decoded: fin=1 opcode=9 data=b'\x8a\x8a?O'
2024-09-28 16:13:15,491 - DEBUG - ++Sent raw: b'\x8a\x84\x9bZA\x04\x11\xd0~K'
2024-09-28 16:13:15,491 - DEBUG - ++Sent decoded: fin=1 opcode=10 data=b'\x8a\x8a?O'
2024-09-28 16:13:35,493 - DEBUG - ++Rcv raw: b'\x89\x04\xaf\xe1\x8a\xd1'
2024-09-28 16:13:35,494 - DEBUG - ++Rcv decoded: fin=1 opcode=9 data=b'\xaf\xe1\x8a\xd1'
2024-09-28 16:13:35,494 - DEBUG - ++Sent raw: b'\x8a\x84s\xd0:\xac\xdc1\xb0}'
2024-09-28 16:13:35,494 - DEBUG - ++Sent decoded: fin=1 opcode=10 data=b'\xaf\xe1\x8a\xd1'
2024-09-28 16:13:55,505 - DEBUG - ++Rcv raw: b'\x89\x04\xceG\x95\x06'
2024-09-28 16:13:55,505 - DEBUG - ++Rcv decoded: fin=1 opcode=9 data=b'\xceG\x95\x06'
2024-09-28 16:13:55,507 - DEBUG - ++Sent raw: b'\x8a\x84s\xf2\xf8\x1b\xbd\xb5m\x1d'
2024-09-28 16:13:55,507 - DEBUG - ++Sent decoded: fin=1 opcode=10 data=b'\xceG\x95\x06'
2024-09-28 16:14:15,515 - DEBUG - ++Rcv raw: b'\x89\x04\xcf\xd3Y\x0e'
2024-09-28 16:14:15,515 - DEBUG - ++Rcv decoded: fin=1 opcode=9 data=b'\xcf\xd3Y\x0e'
2024-09-28 16:14:15,515 - DEBUG - ++Sent raw: b'\x8a\x84\xa4\xb5\x96\xdckf\xcf\xd2'
2024-09-28 16:14:15,517 - DEBUG - ++Sent decoded: fin=1 opcode=10 data=b'\xcf\xd3Y\x0e'
2024-09-28 16:14:35,526 - DEBUG - ++Rcv raw: b'\x89\x04\x89\xafC\xf7'
2024-09-28 16:14:35,526 - DEBUG - ++Rcv decoded: fin=1 opcode=9 data=b'\x89\xafC\xf7'
2024-09-28 16:14:35,526 - DEBUG - ++Sent raw: b'\x8a\x84H\x0c\x01j\xc1\xa3B\x9d'
2024-09-28 16:14:35,528 - DEBUG - ++Sent decoded: fin=1 opcode=10 data=b'\x89\xafC\xf7'
2024-09-28 16:14:55,536 - DEBUG - ++Rcv raw: b'\x89\x040\x04Kx'
2024-09-28 16:14:55,536 - DEBUG - ++Rcv decoded: fin=1 opcode=9 data=b'0\x04Kx'
2024-09-28 16:14:55,536 - DEBUG - ++Sent raw: b'\x8a\x84\x84Y\x0c\xfb\xb4]G\x83'
2024-09-28 16:14:55,536 - DEBUG - ++Sent decoded: fin=1 opcode=10 data=b'0\x04Kx'
2024-09-28 16:15:15,538 - DEBUG - ++Rcv raw: b'\x89\x04B\xdd\x8b\xd5'
2024-09-28 16:15:15,539 - DEBUG - ++Rcv decoded: fin=1 opcode=9 data=b'B\xdd\x8b\xd5'
2024-09-28 16:15:15,539 - DEBUG - ++Sent raw: b'\x8a\x84\xcd\xd9\xe4\x8d\x8f\x04oX'
2024-09-28 16:15:15,539 - DEBUG - ++Sent decoded: fin=1 opcode=10 data=b'B\xdd\x8b\xd5'
2024-09-28 16:15:35,540 - DEBUG - ++Rcv raw: b'\x89\x04"\x03\xda\xd7'
2024-09-28 16:15:35,540 - DEBUG - ++Rcv decoded: fin=1 opcode=9 data=b'"\x03\xda\xd7'
2024-09-28 16:15:35,541 - DEBUG - ++Sent raw: b'\x8a\x84\xfd\xfa\x05\xe8\xdf\xf9\xdf?'
2024-09-28 16:15:35,541 - DEBUG - ++Sent decoded: fin=1 opcode=10 data=b'"\x03\xda\xd7'
2024-09-28 16:15:55,548 - DEBUG - ++Rcv raw: b'\x89\x04*\\\xadU'
2024-09-28 16:15:55,549 - DEBUG - ++Rcv decoded: fin=1 opcode=9 data=b'*\\\xadU'
2024-09-28 16:15:55,549 - DEBUG - ++Sent raw: b'\x8a\x84S\xe0\xb2+y\xbc\x1f~'
2024-09-28 16:15:55,549 - DEBUG - ++Sent decoded: fin=1 opcode=10 data=b'*\\\xadU'
2024-09-28 16:16:15,558 - DEBUG - ++Rcv raw: b'\x89\x041\x8a\xec\x8b'
2024-09-28 16:16:15,558 - DEBUG - ++Rcv decoded: fin=1 opcode=9 data=b'1\x8a\xec\x8b'
2024-09-28 16:16:15,558 - DEBUG - ++Sent raw: b'\x8a\x84\xa9\xfdXu\x98w\xb4\xfe'
2024-09-28 16:16:15,559 - DEBUG - ++Sent decoded: fin=1 opcode=10 data=b'1\x8a\xec\x8b'
2024-09-28 16:16:35,569 - DEBUG - ++Rcv raw: b'\x89\x04\x1e\x8d\x86\xe3'
2024-09-28 16:16:35,570 - DEBUG - ++Rcv decoded: fin=1 opcode=9 data=b'\x1e\x8d\x86\xe3'
2024-09-28 16:16:35,570 - DEBUG - ++Sent raw: b'\x8a\x84\x9c\xe7#\xf6\x82j\xa5\x15'
2024-09-28 16:16:35,570 - DEBUG - ++Sent decoded: fin=1 opcode=10 data=b'\x1e\x8d\x86\xe3'
2024-09-28 16:16:55,573 - DEBUG - ++Rcv raw: b'\x89\x04\x13NR*'
2024-09-28 16:16:55,573 - DEBUG - ++Rcv decoded: fin=1 opcode=9 data=b'\x13NR*'
2024-09-28 16:16:55,573 - DEBUG - ++Sent raw: b'\x8a\x84H\xc5k\xdd[\x8b9\xf7'
2024-09-28 16:16:55,573 - DEBUG - ++Sent decoded: fin=1 opcode=10 data=b'\x13NR*'
2024-09-28 16:17:15,588 - DEBUG - ++Rcv raw: b"\x89\x04\xa9\x9e'E"
2024-09-28 16:17:15,588 - DEBUG - ++Rcv decoded: fin=1 opcode=9 data=b"\xa9\x9e'E"
2024-09-28 16:17:15,588 - DEBUG - ++Sent raw: b'\x8a\x84\xa4\x1c\xac\xde\r\x82\x8b\x9b'
2024-09-28 16:17:15,589 - DEBUG - ++Sent decoded: fin=1 opcode=10 data=b"\xa9\x9e'E"
2024-09-28 16:17:35,598 - DEBUG - ++Rcv raw: b'\x89\x04n^\x07\xc9'
2024-09-28 16:17:35,599 - DEBUG - ++Rcv decoded: fin=1 opcode=9 data=b'n^\x07\xc9'
2024-09-28 16:17:35,599 - DEBUG - ++Sent raw: b'\x8a\x84H\xcb5\x00&\x952\xc9'
2024-09-28 16:17:35,599 - DEBUG - ++Sent decoded: fin=1 opcode=10 data=b'n^\x07\xc9'
2024-09-28 16:17:55,614 - DEBUG - ++Rcv raw: b'\x89\x04\x04\x1f\xabc'
2024-09-28 16:17:55,614 - DEBUG - ++Rcv decoded: fin=1 opcode=9 data=b'\x04\x1f\xabc'
2024-09-28 16:17:55,614 - DEBUG - ++Sent raw: b'\x8a\x84\xb3\x15\xc8\xc7\xb7\nc\xa4'
2024-09-28 16:17:55,614 - DEBUG - ++Sent decoded: fin=1 opcode=10 data=b'\x04\x1f\xabc'
2024-09-28 16:18:15,614 - DEBUG - ++Rcv raw: b'\x89\x044\xeb\xbc?'
2024-09-28 16:18:15,614 - DEBUG - ++Rcv decoded: fin=1 opcode=9 data=b'4\xeb\xbc?'
2024-09-28 16:18:15,615 - DEBUG - ++Sent raw: b'\x8a\x84\xed\xe3\x9c\xe1\xd9\x08 \xde'
2024-09-28 16:18:15,615 - DEBUG - ++Sent decoded: fin=1 opcode=10 data=b'4\xeb\xbc?'
2024-09-28 16:18:35,618 - DEBUG - ++Rcv raw: b'\x89\x04\x0e\x0c\xb86'
2024-09-28 16:18:35,618 - DEBUG - ++Rcv decoded: fin=1 opcode=9 data=b'\x0e\x0c\xb86'
2024-09-28 16:18:35,618 - DEBUG - ++Sent raw: b'\x8a\x84c\xbf\xde\xf1m\xb3f\xc7'
2024-09-28 16:18:35,618 - DEBUG - ++Sent decoded: fin=1 opcode=10 data=b'\x0e\x0c\xb86'
2024-09-28 16:18:55,623 - DEBUG - ++Rcv raw: b"\x89\x04Y\xcf\xf6'"
2024-09-28 16:18:55,624 - DEBUG - ++Rcv decoded: fin=1 opcode=9 data=b"Y\xcf\xf6'"
2024-09-28 16:18:55,624 - DEBUG - ++Sent raw: b'\x8a\x84eBE\xb6<\x8d\xb3\x91'
2024-09-28 16:18:55,624 - DEBUG - ++Sent decoded: fin=1 opcode=10 data=b"Y\xcf\xf6'"
2024-09-28 16:19:15,633 - DEBUG - ++Rcv raw: b'\x89\x042\x1c\x9b\x0c'
2024-09-28 16:19:15,633 - DEBUG - ++Rcv decoded: fin=1 opcode=9 data=b'2\x1c\x9b\x0c'
2024-09-28 16:19:15,633 - DEBUG - ++Sent raw: b'\x8a\x84\xa0\xc7\xc7\x1b\x92\xdb\\\x17'
2024-09-28 16:19:15,633 - DEBUG - ++Sent decoded: fin=1 opcode=10 data=b'2\x1c\x9b\x0c'
2024-09-28 16:19:35,638 - DEBUG - ++Rcv raw: b'\x89\x04\x89YM\xa4'
2024-09-28 16:19:35,638 - DEBUG - ++Rcv decoded: fin=1 opcode=9 data=b'\x89YM\xa4'
2024-09-28 16:19:35,638 - DEBUG - ++Sent raw: b'\x8a\x84\xc1\xa2HcH\xfb\x05\xc7'
2024-09-28 16:19:35,638 - DEBUG - ++Sent decoded: fin=1 opcode=10 data=b'\x89YM\xa4'
2024-09-28 16:19:55,642 - DEBUG - ++Rcv raw: b'\x89\x04\xf0\x1ak2'
2024-09-28 16:19:55,643 - DEBUG - ++Rcv decoded: fin=1 opcode=9 data=b'\xf0\x1ak2'
2024-09-28 16:19:55,643 - DEBUG - ++Sent raw: b'\x8a\x84\xce\x98\xcd\x9f>\x82\xa6\xad'
2024-09-28 16:19:55,643 - DEBUG - ++Sent decoded: fin=1 opcode=10 data=b'\xf0\x1ak2'
2024-09-28 16:20:15,650 - DEBUG - ++Rcv raw: b'\x89\x042PR\xa2'
2024-09-28 16:20:15,651 - DEBUG - ++Rcv decoded: fin=1 opcode=9 data=b'2PR\xa2'
2024-09-28 16:20:15,651 - DEBUG - ++Sent raw: b'\x8a\x84(\xea\xb1\xfb\x1a\xba\xe3Y'
2024-09-28 16:20:15,651 - DEBUG - ++Sent decoded: fin=1 opcode=10 data=b'2PR\xa2'
2024-09-28 16:20:35,658 - DEBUG - ++Rcv raw: b'\x89\x04\x1b\xbb\xe7,'
2024-09-28 16:20:35,658 - DEBUG - ++Rcv decoded: fin=1 opcode=9 data=b'\x1b\xbb\xe7,'
2024-09-28 16:20:35,658 - DEBUG - ++Sent raw: b'\x8a\x84.\xa19o5\x1a\xdeC'
2024-09-28 16:20:35,659 - DEBUG - ++Sent decoded: fin=1 opcode=10 data=b'\x1b\xbb\xe7,'
2024-09-28 16:20:55,666 - DEBUG - ++Rcv raw: b'\x89\x04\x8b\xf3\x86q'
2024-09-28 16:20:55,667 - DEBUG - ++Rcv decoded: fin=1 opcode=9 data=b'\x8b\xf3\x86q'
2024-09-28 16:20:55,667 - DEBUG - ++Sent raw: b'\x8a\x84K\x03\x8f\x1c\xc0\xf0\tm'
2024-09-28 16:20:55,667 - DEBUG - ++Sent decoded: fin=1 opcode=10 data=b'\x8b\xf3\x86q'
2024-09-28 16:21:15,681 - DEBUG - ++Rcv raw: b'\x89\x04\xe6\\\xb8\x05'
2024-09-28 16:21:15,681 - DEBUG - ++Rcv decoded: fin=1 opcode=9 data=b'\xe6\\\xb8\x05'
2024-09-28 16:21:15,681 - DEBUG - ++Sent raw: b'\x8a\x84Jh\xff\xa0\xac4G\xa5'
2024-09-28 16:21:15,682 - DEBUG - ++Sent decoded: fin=1 opcode=10 data=b'\xe6\\\xb8\x05'
2024-09-28 16:21:35,683 - DEBUG - ++Rcv raw: b'\x89\x04\x16y\xc1\xb8'
2024-09-28 16:21:35,683 - DEBUG - ++Rcv decoded: fin=1 opcode=9 data=b'\x16y\xc1\xb8'
2024-09-28 16:21:35,683 - DEBUG - ++Sent raw: b'\x8a\x84k\x80f\x04}\xf9\xa7\xbc'
2024-09-28 16:21:35,685 - DEBUG - ++Sent decoded: fin=1 opcode=10 data=b'\x16y\xc1\xb8'
2024-09-28 16:21:55,692 - DEBUG - ++Rcv raw: b'\x89\x04u$\xf4\xad'
2024-09-28 16:21:55,692 - DEBUG - ++Rcv decoded: fin=1 opcode=9 data=b'u$\xf4\xad'
2024-09-28 16:21:55,693 - DEBUG - ++Sent raw: b'\x8a\x84\x8c\x87\xfd\x1a\xf9\xa3\t\xb7'
2024-09-28 16:21:55,693 - DEBUG - ++Sent decoded: fin=1 opcode=10 data=b'u$\xf4\xad'
2024-09-28 16:22:15,695 - DEBUG - ++Rcv raw: b'\x89\x04\x9f\\\x97\x84'
2024-09-28 16:22:15,695 - DEBUG - ++Rcv decoded: fin=1 opcode=9 data=b'\x9f\\\x97\x84'
2024-09-28 16:22:15,695 - DEBUG - ++Sent raw: b'\x8a\x846[\xe4\xe8\xa9\x07sl'
2024-09-28 16:22:15,695 - DEBUG - ++Sent decoded: fin=1 opcode=10 data=b'\x9f\\\x97\x84'
2024-09-28 16:22:35,698 - DEBUG - ++Rcv raw: b'\x89\x04\x8c\x85\xc3\xa0'
2024-09-28 16:22:35,698 - DEBUG - ++Rcv decoded: fin=1 opcode=9 data=b'\x8c\x85\xc3\xa0'
2024-09-28 16:22:35,699 - DEBUG - ++Sent raw: b'\x8a\x84\xd9\xb4\xeb\x05U1(\xa5'
2024-09-28 16:22:35,699 - DEBUG - ++Sent decoded: fin=1 opcode=10 data=b'\x8c\x85\xc3\xa0'
2024-09-28 16:22:55,706 - DEBUG - ++Rcv raw: b'\x89\x04ER\xa6\xe6'
2024-09-28 16:22:55,706 - DEBUG - ++Rcv decoded: fin=1 opcode=9 data=b'ER\xa6\xe6'
2024-09-28 16:22:55,706 - DEBUG - ++Sent raw: b'\x8a\x84\xda\x06aI\x9fT\xc7\xaf'
2024-09-28 16:22:55,707 - DEBUG - ++Sent decoded: fin=1 opcode=10 data=b'ER\xa6\xe6'
2024-09-28 16:23:15,716 - DEBUG - ++Rcv raw: b'\x89\x04\x86!X\xfe'
2024-09-28 16:23:15,716 - DEBUG - ++Rcv decoded: fin=1 opcode=9 data=b'\x86!X\xfe'
2024-09-28 16:23:15,716 - DEBUG - ++Sent raw: b'\x8a\x84\xdd\xe5\x96\x19[\xc4\xce\xe7'
2024-09-28 16:23:15,717 - DEBUG - ++Sent decoded: fin=1 opcode=10 data=b'\x86!X\xfe'
2024-09-28 16:23:35,724 - DEBUG - ++Rcv raw: b'\x89\x04_\x11\x92\x10'
2024-09-28 16:23:35,724 - DEBUG - ++Rcv decoded: fin=1 opcode=9 data=b'_\x11\x92\x10'
2024-09-28 16:23:35,724 - DEBUG - ++Sent raw: b'\x8a\x84l\xd15\xba3\xc0\xa7\xaa'
2024-09-28 16:23:35,724 - DEBUG - ++Sent decoded: fin=1 opcode=10 data=b'_\x11\x92\x10'
2024-09-28 16:23:55,729 - DEBUG - ++Rcv raw: b'\x89\x04\xf8\x1d\\q'
2024-09-28 16:23:55,730 - DEBUG - ++Rcv decoded: fin=1 opcode=9 data=b'\xf8\x1d\\q'
2024-09-28 16:23:55,730 - DEBUG - ++Sent raw: b'\x8a\x84\x19\x0c\x85\x9e\xe1\x11\xd9\xef'
2024-09-28 16:23:55,730 - DEBUG - ++Sent decoded: fin=1 opcode=10 data=b'\xf8\x1d\\q'
2024-09-28 16:24:15,745 - DEBUG - ++Rcv raw: b'\x89\x04\x9c\xc2\xef\x02'
2024-09-28 16:24:15,745 - DEBUG - ++Rcv decoded: fin=1 opcode=9 data=b'\x9c\xc2\xef\x02'
2024-09-28 16:24:15,745 - DEBUG - ++Sent raw: b"\x8a\x84@'\xc6\xaf\xdc\xe5)\xad"
2024-09-28 16:24:15,745 - DEBUG - ++Sent decoded: fin=1 opcode=10 data=b'\x9c\xc2\xef\x02'
2024-09-28 16:24:35,757 - DEBUG - ++Rcv raw: b'\x89\x04\xf6_\xe4p'
2024-09-28 16:24:35,757 - DEBUG - ++Rcv decoded: fin=1 opcode=9 data=b'\xf6_\xe4p'
2024-09-28 16:24:35,757 - DEBUG - ++Sent raw: b'\x8a\x84\x91PmDg\x0f\x894'
2024-09-28 16:24:35,757 - DEBUG - ++Sent decoded: fin=1 opcode=10 data=b'\xf6_\xe4p'
2024-09-28 16:24:55,762 - DEBUG - ++Rcv raw: b'\x89\x04{\xfd\t%'
2024-09-28 16:24:55,762 - DEBUG - ++Rcv decoded: fin=1 opcode=9 data=b'{\xfd\t%'
2024-09-28 16:24:55,763 - DEBUG - ++Sent raw: b'\x8a\x84\x00\x8a\x12@{w\x1be'
2024-09-28 16:24:55,763 - DEBUG - ++Sent decoded: fin=1 opcode=10 data=b'{\xfd\t%'
2024-09-28 16:25:15,767 - DEBUG - ++Rcv raw: b'\x89\x04\xe1{\xc8q'
2024-09-28 16:25:15,768 - DEBUG - ++Rcv decoded: fin=1 opcode=9 data=b'\xe1{\xc8q'
2024-09-28 16:25:15,768 - DEBUG - ++Sent raw: b"\x8a\x84'\x9e)\xf8\xc6\xe5\xe1\x89"
2024-09-28 16:25:15,768 - DEBUG - ++Sent decoded: fin=1 opcode=10 data=b'\xe1{\xc8q'
2024-09-28 16:25:35,776 - DEBUG - ++Rcv raw: b'\x89\x04\x06\xfdV\x02'
2024-09-28 16:25:35,776 - DEBUG - ++Rcv decoded: fin=1 opcode=9 data=b'\x06\xfdV\x02'
2024-09-28 16:25:35,777 - DEBUG - ++Sent raw: b'\x8a\x84u\x0e\xb2,s\xf3\xe4.'
2024-09-28 16:25:35,777 - DEBUG - ++Sent decoded: fin=1 opcode=10 data=b'\x06\xfdV\x02'
2024-09-28 16:25:55,784 - DEBUG - ++Rcv raw: b'\x89\x04/\x11\t\x8f'
2024-09-28 16:25:55,784 - DEBUG - ++Rcv decoded: fin=1 opcode=9 data=b'/\x11\t\x8f'
2024-09-28 16:25:55,785 - DEBUG - ++Sent raw: b'\x8a\x84|^\xaa\xbbSO\xa34'
2024-09-28 16:25:55,785 - DEBUG - ++Sent decoded: fin=1 opcode=10 data=b'/\x11\t\x8f'
2024-09-28 16:26:15,794 - DEBUG - ++Rcv raw: b'\x89\x04\xc9\x18V8'
2024-09-28 16:26:15,794 - DEBUG - ++Rcv decoded: fin=1 opcode=9 data=b'\xc9\x18V8'
2024-09-28 16:26:15,794 - DEBUG - ++Sent raw: b'\x8a\x84\xdf\xe1nY\x16\xf98a'
2024-09-28 16:26:15,794 - DEBUG - ++Sent decoded: fin=1 opcode=10 data=b'\xc9\x18V8'
2024-09-28 16:26:35,795 - DEBUG - ++Rcv raw: b'\x89\x04\xfd\xd3"\x89'
2024-09-28 16:26:35,795 - DEBUG - ++Rcv decoded: fin=1 opcode=9 data=b'\xfd\xd3"\x89'
2024-09-28 16:26:35,795 - DEBUG - ++Sent raw: b'\x8a\x84Q|\xc3H\xac\xaf\xe1\xc1'
2024-09-28 16:26:35,796 - DEBUG - ++Sent decoded: fin=1 opcode=10 data=b'\xfd\xd3"\x89'
2024-09-28 16:26:55,811 - DEBUG - ++Rcv raw: b'\x89\x04\xcc\x86:\xa4'
2024-09-28 16:26:55,811 - DEBUG - ++Rcv decoded: fin=1 opcode=9 data=b'\xcc\x86:\xa4'
2024-09-28 16:26:55,812 - DEBUG - ++Sent raw: b'\x8a\x84\x91\r\xb6\x01]\x8b\x8c\xa5'
2024-09-28 16:26:55,812 - DEBUG - ++Sent decoded: fin=1 opcode=10 data=b'\xcc\x86:\xa4'
2024-09-28 16:27:15,821 - DEBUG - ++Rcv raw: b'\x89\x04\x00\x17\xbaj'
2024-09-28 16:27:15,822 - DEBUG - ++Rcv decoded: fin=1 opcode=9 data=b'\x00\x17\xbaj'
2024-09-28 16:27:15,822 - DEBUG - ++Sent raw: b'\x8a\x84\xe0S\xe6\x07\xe0D\\m'
2024-09-28 16:27:15,822 - DEBUG - ++Sent decoded: fin=1 opcode=10 data=b'\x00\x17\xbaj'
2024-09-28 16:27:35,825 - DEBUG - ++Rcv raw: b'\x89\x04\xb9\xda\x9cx'
2024-09-28 16:27:35,825 - DEBUG - ++Rcv decoded: fin=1 opcode=9 data=b'\xb9\xda\x9cx'
2024-09-28 16:27:35,826 - DEBUG - ++Sent raw: b'\x8a\x84\xab\xaa7h\x12p\xab\x10'
2024-09-28 16:27:35,826 - DEBUG - ++Sent decoded: fin=1 opcode=10 data=b'\xb9\xda\x9cx'
2024-09-28 16:27:55,835 - DEBUG - ++Rcv raw: b'\x89\x04\xcai \xbf'
2024-09-28 16:27:55,835 - DEBUG - ++Rcv decoded: fin=1 opcode=9 data=b'\xcai \xbf'
2024-09-28 16:27:55,836 - DEBUG - ++Sent raw: b'\x8a\x84\x96\n\x0b\xa7\\c+\x18'
2024-09-28 16:27:55,836 - DEBUG - ++Sent decoded: fin=1 opcode=10 data=b'\xcai \xbf'
2024-09-28 16:28:15,844 - DEBUG - ++Rcv raw: b'\x89\x04\xbaV\xd49'
2024-09-28 16:28:15,844 - DEBUG - ++Rcv decoded: fin=1 opcode=9 data=b'\xbaV\xd49'
2024-09-28 16:28:15,844 - DEBUG - ++Sent raw: b'\x8a\x84d\x9bG\xbe\xde\xcd\x93\x87'
2024-09-28 16:28:15,844 - DEBUG - ++Sent decoded: fin=1 opcode=10 data=b'\xbaV\xd49'
2024-09-28 16:28:35,850 - DEBUG - ++Rcv raw: b"\x89\x04\xba\xb8';"
2024-09-28 16:28:35,850 - DEBUG - ++Rcv decoded: fin=1 opcode=9 data=b"\xba\xb8';"
2024-09-28 16:28:35,850 - DEBUG - ++Sent raw: b'\x8a\x84\xc6E\xf4\x1e|\xfd\xd3%'
2024-09-28 16:28:35,851 - DEBUG - ++Sent decoded: fin=1 opcode=10 data=b"\xba\xb8';"
2024-09-28 16:28:55,853 - DEBUG - ++Rcv raw: b"\x89\x04\xac\xa7\xea'"
2024-09-28 16:28:55,853 - DEBUG - ++Rcv decoded: fin=1 opcode=9 data=b"\xac\xa7\xea'"
2024-09-28 16:28:55,854 - DEBUG - ++Sent raw: b'\x8a\x84\x9d\x81\x04z1&\xee]'
2024-09-28 16:28:55,854 - DEBUG - ++Sent decoded: fin=1 opcode=10 data=b"\xac\xa7\xea'"
2024-09-28 16:29:15,868 - DEBUG - ++Rcv raw: b'\x89\x04 \x19\x9e\xdd'
2024-09-28 16:29:15,868 - DEBUG - ++Rcv decoded: fin=1 opcode=9 data=b' \x19\x9e\xdd'
2024-09-28 16:29:15,869 - DEBUG - ++Sent raw: b'\x8a\x84\xc2\x04R\x7f\xe2\x1d\xcc\xa2'
2024-09-28 16:29:15,869 - DEBUG - ++Sent decoded: fin=1 opcode=10 data=b' \x19\x9e\xdd'
2024-09-28 16:29:35,878 - DEBUG - ++Rcv raw: b'\x89\x04\xa7\xe5\xec\xf1'
2024-09-28 16:29:35,879 - DEBUG - ++Rcv decoded: fin=1 opcode=9 data=b'\xa7\xe5\xec\xf1'
2024-09-28 16:29:35,879 - DEBUG - ++Sent raw: b'\x8a\x84}9\x1d\x19\xda\xdc\xf1\xe8'
2024-09-28 16:29:35,879 - DEBUG - ++Sent decoded: fin=1 opcode=10 data=b'\xa7\xe5\xec\xf1'
2024-09-28 16:29:55,891 - DEBUG - ++Rcv raw: b'\x89\x04\x06\xff\xfc2'
2024-09-28 16:29:55,891 - DEBUG - ++Rcv decoded: fin=1 opcode=9 data=b'\x06\xff\xfc2'
2024-09-28 16:29:55,891 - DEBUG - ++Sent raw: b'\x8a\x84\xc9\x07\x82\x90\xcf\xf8~\xa2'
2024-09-28 16:29:55,892 - DEBUG - ++Sent decoded: fin=1 opcode=10 data=b'\x06\xff\xfc2'
2024-09-28 16:30:15,901 - DEBUG - ++Rcv raw: b'\x89\x04V\x9e\r\x11'
2024-09-28 16:30:15,901 - DEBUG - ++Rcv decoded: fin=1 opcode=9 data=b'V\x9e\r\x11'
2024-09-28 16:30:15,902 - DEBUG - ++Sent raw: b'\x8a\x84W[\x15\xc5\x01\xc5\x18\xd4'
2024-09-28 16:30:15,902 - DEBUG - ++Sent decoded: fin=1 opcode=10 data=b'V\x9e\r\x11'
2024-09-28 16:30:35,909 - DEBUG - ++Rcv raw: b'\x89\x04\x8d\xb4\xed\x9d'
2024-09-28 16:30:35,909 - DEBUG - ++Rcv decoded: fin=1 opcode=9 data=b'\x8d\xb4\xed\x9d'
2024-09-28 16:30:35,909 - DEBUG - ++Sent raw: b'\x8a\x84\xe5\xda:\xc6hn\xd7['
2024-09-28 16:30:35,910 - DEBUG - ++Sent decoded: fin=1 opcode=10 data=b'\x8d\xb4\xed\x9d'
2024-09-28 16:30:55,923 - DEBUG - ++Rcv raw: b'\x89\x04\xe8\xfc.{'
2024-09-28 16:30:55,923 - DEBUG - ++Rcv decoded: fin=1 opcode=9 data=b'\xe8\xfc.{'
2024-09-28 16:30:55,924 - DEBUG - ++Sent raw: b'\x8a\x84\x838\x9dOk\xc4\xb34'
2024-09-28 16:30:55,924 - DEBUG - ++Sent decoded: fin=1 opcode=10 data=b'\xe8\xfc.{'
2024-09-28 16:31:15,931 - DEBUG - ++Rcv raw: b'\x89\x04\x0f}\xafv'
2024-09-28 16:31:15,932 - DEBUG - ++Rcv decoded: fin=1 opcode=9 data=b'\x0f}\xafv'
2024-09-28 16:31:15,932 - DEBUG - ++Sent raw: b'\x8a\x84\x02*]\xc6\rW\xf2\xb0'
2024-09-28 16:31:15,932 - DEBUG - ++Sent decoded: fin=1 opcode=10 data=b'\x0f}\xafv'
2024-09-28 16:31:35,943 - DEBUG - ++Rcv raw: b'\x89\x04\xa5\xc7\x9f\x98'
2024-09-28 16:31:35,943 - DEBUG - ++Rcv decoded: fin=1 opcode=9 data=b'\xa5\xc7\x9f\x98'
2024-09-28 16:31:35,944 - DEBUG - ++Sent raw: b'\x8a\x84\xf2\xe5\x9f-W"\x00\xb5'
2024-09-28 16:31:35,944 - DEBUG - ++Sent decoded: fin=1 opcode=10 data=b'\xa5\xc7\x9f\x98'
2024-09-28 16:31:55,950 - DEBUG - ++Rcv raw: b'\x89\x04\x0b9VH'
2024-09-28 16:31:55,950 - DEBUG - ++Rcv decoded: fin=1 opcode=9 data=b'\x0b9VH'
2024-09-28 16:31:55,950 - DEBUG - ++Sent raw: b'\x8a\x84\xb4\xbe\xe3\xfd\xbf\x87\xb5\xb5'
2024-09-28 16:31:55,950 - DEBUG - ++Sent decoded: fin=1 opcode=10 data=b'\x0b9VH'
2024-09-28 16:32:15,959 - DEBUG - ++Rcv raw: b'\x89\x04l\x8e|\x94'
2024-09-28 16:32:15,959 - DEBUG - ++Rcv decoded: fin=1 opcode=9 data=b'l\x8e|\x94'
2024-09-28 16:32:15,959 - DEBUG - ++Sent raw: b'\x8a\x84\x95H\xd5\xbd\xf9\xc6\xa9)'
2024-09-28 16:32:15,960 - DEBUG - ++Sent decoded: fin=1 opcode=10 data=b'l\x8e|\x94'
2024-09-28 16:32:35,966 - DEBUG - ++Rcv raw: b'\x89\x04\x92\xbbc\x1c'
2024-09-28 16:32:35,967 - DEBUG - ++Rcv decoded: fin=1 opcode=9 data=b'\x92\xbbc\x1c'
2024-09-28 16:32:35,967 - DEBUG - ++Sent raw: b'\x8a\x84\xa3=B\xb51\x86!\xa9'
2024-09-28 16:32:35,967 - DEBUG - ++Sent decoded: fin=1 opcode=10 data=b'\x92\xbbc\x1c'
2024-09-28 16:32:55,981 - DEBUG - ++Rcv raw: b'\x89\x04\xe2\x01\x13s'
2024-09-28 16:32:55,982 - DEBUG - ++Rcv decoded: fin=1 opcode=9 data=b'\xe2\x01\x13s'
2024-09-28 16:32:55,982 - DEBUG - ++Sent raw: b'\x8a\x84\xd3p\x9d\xe91q\x8e\x9a'
2024-09-28 16:32:55,982 - DEBUG - ++Sent decoded: fin=1 opcode=10 data=b'\xe2\x01\x13s'
2024-09-28 16:33:15,998 - DEBUG - ++Rcv raw: b'\x89\x04\x00\xc8\x14\xd4'
2024-09-28 16:33:15,998 - DEBUG - ++Rcv decoded: fin=1 opcode=9 data=b'\x00\xc8\x14\xd4'
2024-09-28 16:33:15,998 - DEBUG - ++Sent raw: b'\x8a\x84\x1f\x9d\xab\xcd\x1fU\xbf\x19'
2024-09-28 16:33:15,998 - DEBUG - ++Sent decoded: fin=1 opcode=10 data=b'\x00\xc8\x14\xd4'
2024-09-28 16:33:36,008 - DEBUG - ++Rcv raw: b'\x89\x04\xd5p\x8e\xda'
2024-09-28 16:33:36,008 - DEBUG - ++Rcv decoded: fin=1 opcode=9 data=b'\xd5p\x8e\xda'
2024-09-28 16:33:36,008 - DEBUG - ++Sent raw: b'\x8a\x84\x1c\xf0b\x92\xc9\x80\xecH'
2024-09-28 16:33:36,008 - DEBUG - ++Sent decoded: fin=1 opcode=10 data=b'\xd5p\x8e\xda'
2024-09-28 16:33:56,022 - DEBUG - ++Rcv raw: b'\x89\x04\x9e\x9c \x0f'
2024-09-28 16:33:56,023 - DEBUG - ++Rcv decoded: fin=1 opcode=9 data=b'\x9e\x9c \x0f'
2024-09-28 16:33:56,023 - DEBUG - ++Sent raw: b'\x8a\x84^%g\xcf\xc0\xb9G\xc0'
2024-09-28 16:33:56,023 - DEBUG - ++Sent decoded: fin=1 opcode=10 data=b'\x9e\x9c \x0f'
