2024-09-28 14:04:15,962 - ERROR - WebSocket error: [WinError 10061] No connection could be made because the target machine actively refused it
2024-09-28 14:04:15,962 - ERROR - [WinError 10061] No connection could be made because the target machine actively refused it - goodbye
2024-09-28 14:04:15,963 - INFO - Connection closed
2024-09-28 14:04:29,977 - ERROR - WebSocket error: [WinError 10061] No connection could be made because the target machine actively refused it
2024-09-28 14:04:29,977 - ERROR - [WinError 10061] No connection could be made because the target machine actively refused it - goodbye
2024-09-28 14:04:29,986 - INFO - Connection closed
2024-09-28 14:04:51,006 - ERROR - WebSocket error: [WinError 10061] No connection could be made because the target machine actively refused it
2024-09-28 14:04:51,007 - ERROR - [WinError 10061] No connection could be made because the target machine actively refused it - goodbye
2024-09-28 14:04:51,007 - INFO - Connection closed
2024-09-28 14:05:39,904 - ERROR - WebSocket error: [WinError 10061] No connection could be made because the target machine actively refused it
2024-09-28 14:05:39,904 - ERROR - [WinError 10061] No connection could be made because the target machine actively refused it - goodbye
2024-09-28 14:05:39,904 - INFO - Connection closed
2024-09-28 14:06:01,398 - ERROR - WebSocket error: [WinError 10061] No connection could be made because the target machine actively refused it
2024-09-28 14:06:01,400 - ERROR - [WinError 10061] No connection could be made because the target machine actively refused it - goodbye
2024-09-28 14:06:01,400 - INFO - Connection closed
2024-09-28 14:08:41,088 - INFO - server listening on [::1]:8080
2024-09-28 14:08:41,088 - INFO - server listening on 127.0.0.1:8080
2024-09-28 14:08:41,088 - INFO - WebSocket server is running on ws://localhost:8080
2024-09-28 14:08:59,929 - INFO - server closing
2024-09-28 14:08:59,929 - INFO - server closed
2024-09-28 14:09:12,921 - INFO - server listening on 127.0.0.1:8080
2024-09-28 14:09:12,923 - INFO - server listening on [::1]:8080
2024-09-28 14:09:12,923 - INFO - WebSocket server is running on ws://localhost:8080
2024-09-28 14:10:11,145 - INFO - connection open
2024-09-28 14:10:11,145 - INFO - Client connected
2024-09-28 14:10:51,168 - INFO - Client disconnected
2024-09-28 14:10:51,168 - INFO - connection closed
2024-09-28 15:59:09,556 - INFO - server listening on [::1]:8080
2024-09-28 15:59:09,557 - INFO - server listening on 127.0.0.1:8080
2024-09-28 15:59:09,557 - INFO - WebSocket server is running on ws://localhost:8080
2024-09-28 15:59:35,154 - INFO - connection open
2024-09-28 15:59:35,154 - INFO - Client connected
2024-09-28 16:01:22,135 - INFO - connection open
2024-09-28 16:01:22,135 - INFO - Client connected
2024-09-28 16:01:22,135 - INFO - Received Telemetry Data: {'speed': 15, 'battery': 75}
2024-09-28 16:01:22,136 - INFO - Client disconnected
2024-09-28 16:01:22,136 - INFO - connection closed
